c:\github\periode 4\eindopdracht-3d-graphics\wk4_components\wk4_components\x64\debug\vc143.pdb
c:\github\periode 4\eindopdracht-3d-graphics\wk4_components\wk4_components\x64\debug\vc143.idb
c:\github\periode 4\eindopdracht-3d-graphics\wk4_components\wk4_components\x64\debug\texture.obj
c:\github\periode 4\eindopdracht-3d-graphics\wk4_components\wk4_components\x64\debug\tigl.obj
c:\github\periode 4\eindopdracht-3d-graphics\wk4_components\wk4_components\x64\debug\playercomponent.obj
c:\github\periode 4\eindopdracht-3d-graphics\wk4_components\wk4_components\x64\debug\movetocomponent.obj
c:\github\periode 4\eindopdracht-3d-graphics\wk4_components\wk4_components\x64\debug\main.obj
c:\github\periode 4\eindopdracht-3d-graphics\wk4_components\wk4_components\x64\debug\gameobject.obj
c:\github\periode 4\eindopdracht-3d-graphics\wk4_components\wk4_components\x64\debug\drawcomponent.obj
c:\github\periode 4\eindopdracht-3d-graphics\wk4_components\wk4_components\x64\debug\cubecomponent.obj
c:\github\periode 4\eindopdracht-3d-graphics\wk4_components\wk4_components\x64\debug\component.obj
c:\github\periode 4\eindopdracht-3d-graphics\wk4_components\wk4_components\x64\debug\boundingboxcomponent.obj
c:\github\periode 4\eindopdracht-3d-graphics\wk4_components\wk4_components\x64\debug\groundplanecomponent.obj
c:\github\periode 4\eindopdracht-3d-graphics\wk4_components\wk4_components\x64\debug\modelcomponent.obj
c:\github\periode 4\eindopdracht-3d-graphics\wk4_components\x64\debug\wk4_components.exe
c:\github\periode 4\eindopdracht-3d-graphics\wk4_components\x64\debug\wk4_components.pdb
c:\github\periode 4\eindopdracht-3d-graphics\wk4_components\wk4_components\x64\debug\wk4_components.ilk
c:\github\periode 4\eindopdracht-3d-graphics\wk4_components\wk4_components\x64\debug\enemycomponent.obj
c:\github\periode 4\eindopdracht-3d-graphics\wk4_components\wk4_components\x64\debug\spincomponent.obj
c:\github\periode 4\eindopdracht-3d-graphics\wk4_components\wk4_components\x64\debug\timerjumper.obj
c:\github\periode 4\eindopdracht-3d-graphics\wk4_components\wk4_components\x64\debug\wk4_components.tlog\cl.command.1.tlog
c:\github\periode 4\eindopdracht-3d-graphics\wk4_components\wk4_components\x64\debug\wk4_components.tlog\cl.items.tlog
c:\github\periode 4\eindopdracht-3d-graphics\wk4_components\wk4_components\x64\debug\wk4_components.tlog\cl.read.1.tlog
c:\github\periode 4\eindopdracht-3d-graphics\wk4_components\wk4_components\x64\debug\wk4_components.tlog\cl.write.1.tlog
c:\github\periode 4\eindopdracht-3d-graphics\wk4_components\wk4_components\x64\debug\wk4_components.tlog\link.26304-cvtres.read.1.tlog
c:\github\periode 4\eindopdracht-3d-graphics\wk4_components\wk4_components\x64\debug\wk4_components.tlog\link.26304-cvtres.write.1.tlog
c:\github\periode 4\eindopdracht-3d-graphics\wk4_components\wk4_components\x64\debug\wk4_components.tlog\link.26304-rc.read.1.tlog
c:\github\periode 4\eindopdracht-3d-graphics\wk4_components\wk4_components\x64\debug\wk4_components.tlog\link.26304-rc.write.1.tlog
c:\github\periode 4\eindopdracht-3d-graphics\wk4_components\wk4_components\x64\debug\wk4_components.tlog\link.26304.read.1.tlog
c:\github\periode 4\eindopdracht-3d-graphics\wk4_components\wk4_components\x64\debug\wk4_components.tlog\link.26304.read.2.tlog
c:\github\periode 4\eindopdracht-3d-graphics\wk4_components\wk4_components\x64\debug\wk4_components.tlog\link.26304.read.3.tlog
c:\github\periode 4\eindopdracht-3d-graphics\wk4_components\wk4_components\x64\debug\wk4_components.tlog\link.26304.read.4.tlog
c:\github\periode 4\eindopdracht-3d-graphics\wk4_components\wk4_components\x64\debug\wk4_components.tlog\link.26304.read.5.tlog
c:\github\periode 4\eindopdracht-3d-graphics\wk4_components\wk4_components\x64\debug\wk4_components.tlog\link.26304.write.1.tlog
c:\github\periode 4\eindopdracht-3d-graphics\wk4_components\wk4_components\x64\debug\wk4_components.tlog\link.command.1.tlog
c:\github\periode 4\eindopdracht-3d-graphics\wk4_components\wk4_components\x64\debug\wk4_components.tlog\link.read.1.tlog
c:\github\periode 4\eindopdracht-3d-graphics\wk4_components\wk4_components\x64\debug\wk4_components.tlog\link.secondary.1.tlog
c:\github\periode 4\eindopdracht-3d-graphics\wk4_components\wk4_components\x64\debug\wk4_components.tlog\link.write.1.tlog
